0 info it worked if it ends with ok
1 verbose cli [ 'node', '/usr/local/bin/npm', 'install' ]
2 info using npm@1.3.14
3 info using node@v0.10.22
4 verbose readDependencies using package.json deps
5 verbose install where, deps [ '/Users/nick/Development/outrightmental/om-web',
5 verbose install   [ 'async',
5 verbose install     'connect-mongo',
5 verbose install     'emailjs',
5 verbose install     'express',
5 verbose install     'findit2',
5 verbose install     'i18n',
5 verbose install     'jade',
5 verbose install     'jshint',
5 verbose install     'node-logentries',
5 verbose install     'mongoose',
5 verbose install     'passport',
5 verbose install     'passport-local',
5 verbose install     'passport-oauth',
5 verbose install     'passport-facebook',
5 verbose install     'passport-github',
5 verbose install     'passport-twitter',
5 verbose install     'recess',
5 verbose install     'uglify-js',
5 verbose install     'watchr' ] ]
6 info preinstall om-web@0.0.1-43
7 verbose readDependencies using package.json deps
8 verbose already installed skipping emailjs@~0.3.6 /Users/nick/Development/outrightmental/om-web
9 verbose already installed skipping connect-mongo@~0.3.3 /Users/nick/Development/outrightmental/om-web
10 verbose already installed skipping express@~3.4.1 /Users/nick/Development/outrightmental/om-web
11 verbose already installed skipping findit2@~0.2.0 /Users/nick/Development/outrightmental/om-web
12 verbose already installed skipping i18n@0.4.1 /Users/nick/Development/outrightmental/om-web
13 verbose already installed skipping jade@~0.35.0 /Users/nick/Development/outrightmental/om-web
14 verbose already installed skipping jshint@~2.1.11 /Users/nick/Development/outrightmental/om-web
15 verbose already installed skipping node-logentries@0.0.2 /Users/nick/Development/outrightmental/om-web
16 verbose already installed skipping mongoose@~3.6.20 /Users/nick/Development/outrightmental/om-web
17 verbose already installed skipping passport@~0.1.17 /Users/nick/Development/outrightmental/om-web
18 verbose already installed skipping passport-local@~0.1.6 /Users/nick/Development/outrightmental/om-web
19 verbose already installed skipping passport-oauth@~1.0.0 /Users/nick/Development/outrightmental/om-web
20 verbose already installed skipping passport-facebook@~1.0.1 /Users/nick/Development/outrightmental/om-web
21 verbose already installed skipping passport-github@~0.1.5 /Users/nick/Development/outrightmental/om-web
22 verbose already installed skipping passport-twitter@~1.0.2 /Users/nick/Development/outrightmental/om-web
23 verbose already installed skipping recess@~1.1.9 /Users/nick/Development/outrightmental/om-web
24 verbose already installed skipping uglify-js@~2.4.0 /Users/nick/Development/outrightmental/om-web
25 verbose already installed skipping watchr@~2.4.4 /Users/nick/Development/outrightmental/om-web
26 verbose already installed skipping async@~0.2.9 /Users/nick/Development/outrightmental/om-web
27 silly resolved []
28 info build /Users/nick/Development/outrightmental/om-web
29 verbose linkStuff [ false, false, false, '/Users/nick/Development/outrightmental' ]
30 info linkStuff om-web@0.0.1-43
31 verbose linkBins om-web@0.0.1-43
32 verbose linkMans om-web@0.0.1-43
33 verbose rebuildBundles om-web@0.0.1-43
34 verbose rebuildBundles [ '.bin',
34 verbose rebuildBundles   'async',
34 verbose rebuildBundles   'bower',
34 verbose rebuildBundles   'connect-mongo',
34 verbose rebuildBundles   'emailjs',
34 verbose rebuildBundles   'express',
34 verbose rebuildBundles   'findit2',
34 verbose rebuildBundles   'i18n',
34 verbose rebuildBundles   'jade',
34 verbose rebuildBundles   'jshint',
34 verbose rebuildBundles   'mongoose',
34 verbose rebuildBundles   'node-logentries',
34 verbose rebuildBundles   'passport',
34 verbose rebuildBundles   'passport-facebook',
34 verbose rebuildBundles   'passport-github',
34 verbose rebuildBundles   'passport-local',
34 verbose rebuildBundles   'passport-oauth',
34 verbose rebuildBundles   'passport-twitter',
34 verbose rebuildBundles   'recess',
34 verbose rebuildBundles   'uglify-js',
34 verbose rebuildBundles   'watchr' ]
35 verbose rebuild bundle /Users/nick/Development/outrightmental/om-web/node_modules/bower
36 info build /Users/nick/Development/outrightmental/om-web/node_modules/bower
37 info preinstall bower@1.2.8
38 verbose linkStuff [ false,
38 verbose linkStuff   false,
38 verbose linkStuff   false,
38 verbose linkStuff   '/Users/nick/Development/outrightmental/om-web/node_modules' ]
39 info linkStuff bower@1.2.8
40 warn prefer global bower@1.2.8 should be installed with -g
41 verbose linkBins bower@1.2.8
42 verbose link bins [ { bower: 'bin/bower' },
42 verbose link bins   '/Users/nick/Development/outrightmental/om-web/node_modules/.bin',
42 verbose link bins   false ]
43 verbose linkMans bower@1.2.8
44 verbose rebuildBundles bower@1.2.8
45 verbose rebuildBundles [ '.bin',
45 verbose rebuildBundles   'abbrev',
45 verbose rebuildBundles   'archy',
45 verbose rebuildBundles   'bower-config',
45 verbose rebuildBundles   'bower-endpoint-parser',
45 verbose rebuildBundles   'bower-json',
45 verbose rebuildBundles   'bower-logger',
45 verbose rebuildBundles   'bower-registry-client',
45 verbose rebuildBundles   'cardinal',
45 verbose rebuildBundles   'chalk',
45 verbose rebuildBundles   'chmodr',
45 verbose rebuildBundles   'decompress-zip',
45 verbose rebuildBundles   'fstream',
45 verbose rebuildBundles   'fstream-ignore',
45 verbose rebuildBundles   'glob',
45 verbose rebuildBundles   'graceful-fs',
45 verbose rebuildBundles   'handlebars',
45 verbose rebuildBundles   'inquirer',
45 verbose rebuildBundles   'junk',
45 verbose rebuildBundles   'lru-cache',
45 verbose rebuildBundles   'mkdirp',
45 verbose rebuildBundles   'mout',
45 verbose rebuildBundles   'nopt',
45 verbose rebuildBundles   'open',
45 verbose rebuildBundles   'osenv',
45 verbose rebuildBundles   'p-throttler',
45 verbose rebuildBundles   'promptly',
45 verbose rebuildBundles   'q',
45 verbose rebuildBundles   'request',
45 verbose rebuildBundles   'request-progress',
45 verbose rebuildBundles   'retry',
45 verbose rebuildBundles   'rimraf',
45 verbose rebuildBundles   'semver',
45 verbose rebuildBundles   'stringify-object',
45 verbose rebuildBundles   'sudo-block',
45 verbose rebuildBundles   'tar',
45 verbose rebuildBundles   'tmp',
45 verbose rebuildBundles   'update-notifier',
45 verbose rebuildBundles   'which' ]
46 info install bower@1.2.8
47 info postinstall bower@1.2.8
48 info install om-web@0.0.1-43
49 info postinstall om-web@0.0.1-43
50 verbose unsafe-perm in lifecycle true
51 info om-web@0.0.1-43 Failed to exec postinstall script
52 error om-web@0.0.1-43 postinstall: `node run.js build`
52 error Exit status 8
53 error Failed at the om-web@0.0.1-43 postinstall script.
53 error This is most likely a problem with the om-web package,
53 error not with npm itself.
53 error Tell the author that this fails on your system:
53 error     node run.js build
53 error You can get their info via:
53 error     npm owner ls om-web
53 error There is likely additional logging output above.
54 error System Darwin 13.0.0
55 error command "node" "/usr/local/bin/npm" "install"
56 error cwd /Users/nick/Development/outrightmental/om-web
57 error node -v v0.10.22
58 error npm -v 1.3.14
59 error code ELIFECYCLE
60 verbose exit [ 1, true ]
